#@ # 
#@ # Running lm_shell Version U-2022.12-SP1 for linux64 -- Jan 27, 2023
#@ # Date:   Wed Nov  6 21:41:59 2024
#@ # Run by: jhpark@dice
#@ 

create_workspace -technology /home/eda/soc/lib/gpdk/32n/tech/milkyway/saed32nm_1p9m_mw.tf saed32hvt
read_db /home/eda/soc/lib/gpdk/32n/lib/stdcell_hvt/db_nldm/saed32hvt_ff1p16v125c.db
read_db /home/eda/soc/lib/gpdk/32n/lib/stdcell_hvt/db_nldm/saed32hvt_ff1p16vn40c.db
read_db /home/eda/soc/lib/gpdk/32n/lib/stdcell_hvt/db_nldm/saed32hvt_ss0p95v125c.db
read_db /home/eda/soc/lib/gpdk/32n/lib/stdcell_hvt/db_nldm/saed32hvt_ss0p95vn40c.db
read_lef /home/eda/soc/lib/gpdk/32n/lib/stdcell_hvt/lef/saed32nm_hvt_1p9m.lef
start_gui
gui_set_pref_value -category {SelectByNamePalette} -key {ObjectType} -value {Logical Cells}
change_selection [get_workspaces {saed32hvt}]
change_selection [get_libs {saed32hvt_ff1p16vn40c}]
change_selection [get_lib_cells -include_subcells {saed32hvt_ff1p16vn40c/AND2X1_HVT/timing}]
change_selection [get_designs -filter {view_name == design} {AND2X1_HVT}]
current_block saed32nm_hvt_1p9m:AND2X1_HVT.design
win_set_filter -visible -class cell -filter {clock_margin hard_macro_margin hard_margin route_blockage_margin soft_margin}
win_set_filter -visible -class pseudo_bump -filter {deleted}
win_set_filter -visible -class pseudo_tsv -filter {deleted}
win_set_filter -visible -class placement_blockage -filter {wiring} -layer {0-82}
win_set_filter -expand_cell_types {soft_macro  }
win_set_select_class -visible {cell port bound routing_blockage shaping_blockage pg_region bump_region pseudo_bump pseudo_tsv pin_blockage block_shielding topology_node topology_edge topology_repeater annotation_shape core_area die_area edit_group shape via terminal fill_cell placement_blockage }
win_set_filter -class cell -filter {array clock_margin hard_macro_margin hard_margin route_blockage_margin soft_margin}
win_set_filter -class pseudo_bump -filter {deleted}
win_set_filter -class pseudo_tsv -filter {deleted}
win_set_filter -class placement_blockage -filter {wiring} -layer {0-82}
win_set_select_class {cell port bound routing_blockage shaping_blockage pg_region bump_region pseudo_bump pseudo_tsv pin_blockage topology_node topology_edge topology_repeater annotation_shape edit_group shape via placement_blockage }
gui_mouse_tool -window [gui_get_current_window -types Layout -mru] -start RulerTool
gui_mouse_tool -window [gui_get_current_window -types Layout -mru] -add_point {1.092 1.721} -scale 0.0075
gui_mouse_tool -window [gui_get_current_window -types Layout -mru] -add_point {1.025 -0.015} -scale 0.0075
gui_mouse_tool -window [gui_get_current_window -types Layout -mru] -reset
quit
