*design* DebussyLib (btIdent Verdi_V-2023.12-SP2-1)
Command arguments:
    +define+verilog
    -f list.f
        ./../../../rtl/memctrl/FSM.v
        ./../../../rtl/memctrl/MEMCTRL.v
        ./../../../rtl/memctrl/SRAM2KB.v
        ./TB_MEMCTRL.v
        /home/eda/soc/lib/gpdk/32n/lib/sram/verilog/saed32sram.v


*Error* usage of bit filling is supported only if the option '-sv' is specified
"./TB_MEMCTRL.v", 32: 

*Error* usage of bit filling is supported only if the option '-sv' is specified
"./TB_MEMCTRL.v", 35: 

*Error* usage of bit filling is supported only if the option '-sv' is specified
"./TB_MEMCTRL.v", 52: 

*Error* usage of bit filling is supported only if the option '-sv' is specified
"./TB_MEMCTRL.v", 70: 

*Warning* macro numAddr redefined from (10) to (7)
"/home/eda/soc/lib/gpdk/32n/lib/sram/verilog/saed32sram.v", 101: 

*Warning* macro numWords redefined from (1024) to (128)
"/home/eda/soc/lib/gpdk/32n/lib/sram/verilog/saed32sram.v", 102: 

*Warning* macro wordLength redefined from (8) to (46)
"/home/eda/soc/lib/gpdk/32n/lib/sram/verilog/saed32sram.v", 103: 

*Warning* macro wordLength redefined from (46) to (48)
"/home/eda/soc/lib/gpdk/32n/lib/sram/verilog/saed32sram.v", 229: 

*Warning* macro wordLength redefined from (48) to (8)
"/home/eda/soc/lib/gpdk/32n/lib/sram/verilog/saed32sram.v", 357: 

*Warning* macro numAddr redefined from (7) to (8)
"/home/eda/soc/lib/gpdk/32n/lib/sram/verilog/saed32sram.v", 443: 

*Warning* macro numWords redefined from (128) to (256)
"/home/eda/soc/lib/gpdk/32n/lib/sram/verilog/saed32sram.v", 444: 

*Warning* macro wordLength redefined from (8) to (128)
"/home/eda/soc/lib/gpdk/32n/lib/sram/verilog/saed32sram.v", 445: 

*Warning* macro wordLength redefined from (128) to (32)
"/home/eda/soc/lib/gpdk/32n/lib/sram/verilog/saed32sram.v", 653: 

*Warning* macro wordLength redefined from (32) to (46)
"/home/eda/soc/lib/gpdk/32n/lib/sram/verilog/saed32sram.v", 765: 

*Warning* macro wordLength redefined from (46) to (48)
"/home/eda/soc/lib/gpdk/32n/lib/sram/verilog/saed32sram.v", 891: 

*Warning* macro wordLength redefined from (48) to (8)
"/home/eda/soc/lib/gpdk/32n/lib/sram/verilog/saed32sram.v", 1019: 

*Warning* macro numAddr redefined from (8) to (5)
"/home/eda/soc/lib/gpdk/32n/lib/sram/verilog/saed32sram.v", 1105: 

*Warning* macro numWords redefined from (256) to (32)
"/home/eda/soc/lib/gpdk/32n/lib/sram/verilog/saed32sram.v", 1106: 

*Warning* macro wordLength redefined from (8) to (50)
"/home/eda/soc/lib/gpdk/32n/lib/sram/verilog/saed32sram.v", 1107: 

*Warning* macro numAddr redefined from (5) to (9)
"/home/eda/soc/lib/gpdk/32n/lib/sram/verilog/saed32sram.v", 1235: 

*Warning* macro numWords redefined from (32) to (512)
"/home/eda/soc/lib/gpdk/32n/lib/sram/verilog/saed32sram.v", 1236: 

*Warning* macro wordLength redefined from (50) to (128)
"/home/eda/soc/lib/gpdk/32n/lib/sram/verilog/saed32sram.v", 1237: 

*Warning* macro wordLength redefined from (128) to (32)
"/home/eda/soc/lib/gpdk/32n/lib/sram/verilog/saed32sram.v", 1445: 

*Warning* macro wordLength redefined from (32) to (8)
"/home/eda/soc/lib/gpdk/32n/lib/sram/verilog/saed32sram.v", 1557: 

*Warning* macro numAddr redefined from (9) to (6)
"/home/eda/soc/lib/gpdk/32n/lib/sram/verilog/saed32sram.v", 1643: 

*Warning* macro numWords redefined from (512) to (64)
"/home/eda/soc/lib/gpdk/32n/lib/sram/verilog/saed32sram.v", 1644: 

*Warning* macro wordLength redefined from (8) to (128)
"/home/eda/soc/lib/gpdk/32n/lib/sram/verilog/saed32sram.v", 1645: 

*Warning* macro wordLength redefined from (128) to (32)
"/home/eda/soc/lib/gpdk/32n/lib/sram/verilog/saed32sram.v", 1853: 

*Warning* macro wordLength redefined from (32) to (34)
"/home/eda/soc/lib/gpdk/32n/lib/sram/verilog/saed32sram.v", 1965: 

*Warning* macro wordLength redefined from (34) to (8)
"/home/eda/soc/lib/gpdk/32n/lib/sram/verilog/saed32sram.v", 2079: 

*Warning* macro numAddr redefined from (6) to (7)
"/home/eda/soc/lib/gpdk/32n/lib/sram/verilog/saed32sram.v", 2165: 

*Warning* macro numWords redefined from (64) to (128)
"/home/eda/soc/lib/gpdk/32n/lib/sram/verilog/saed32sram.v", 2166: 

*Warning* macro wordLength redefined from (8) to (16)
"/home/eda/soc/lib/gpdk/32n/lib/sram/verilog/saed32sram.v", 2167: 

*Warning* macro wordLength redefined from (16) to (32)
"/home/eda/soc/lib/gpdk/32n/lib/sram/verilog/saed32sram.v", 2288: 

*Warning* macro wordLength redefined from (32) to (4)
"/home/eda/soc/lib/gpdk/32n/lib/sram/verilog/saed32sram.v", 2425: 

*Warning* macro wordLength redefined from (4) to (8)
"/home/eda/soc/lib/gpdk/32n/lib/sram/verilog/saed32sram.v", 2534: 

*Warning* macro numAddr redefined from (7) to (4)
"/home/eda/soc/lib/gpdk/32n/lib/sram/verilog/saed32sram.v", 2645: 

*Warning* macro numWords redefined from (128) to (16)
"/home/eda/soc/lib/gpdk/32n/lib/sram/verilog/saed32sram.v", 2646: 

*Warning* macro wordLength redefined from (8) to (16)
"/home/eda/soc/lib/gpdk/32n/lib/sram/verilog/saed32sram.v", 2647: 

*Warning* macro wordLength redefined from (16) to (32)
"/home/eda/soc/lib/gpdk/32n/lib/sram/verilog/saed32sram.v", 2768: 

*Warning* macro wordLength redefined from (32) to (4)
"/home/eda/soc/lib/gpdk/32n/lib/sram/verilog/saed32sram.v", 2905: 

*Warning* macro wordLength redefined from (4) to (8)
"/home/eda/soc/lib/gpdk/32n/lib/sram/verilog/saed32sram.v", 3014: 

*Warning* macro numAddr redefined from (4) to (5)
"/home/eda/soc/lib/gpdk/32n/lib/sram/verilog/saed32sram.v", 3125: 

*Warning* macro numWords redefined from (16) to (32)
"/home/eda/soc/lib/gpdk/32n/lib/sram/verilog/saed32sram.v", 3126: 

*Warning* macro wordLength redefined from (8) to (16)
"/home/eda/soc/lib/gpdk/32n/lib/sram/verilog/saed32sram.v", 3127: 

*Warning* macro wordLength redefined from (16) to (22)
"/home/eda/soc/lib/gpdk/32n/lib/sram/verilog/saed32sram.v", 3248: 

*Warning* macro wordLength redefined from (22) to (32)
"/home/eda/soc/lib/gpdk/32n/lib/sram/verilog/saed32sram.v", 3375: 

*Warning* macro wordLength redefined from (32) to (39)
"/home/eda/soc/lib/gpdk/32n/lib/sram/verilog/saed32sram.v", 3512: 

*Warning* macro wordLength redefined from (39) to (4)
"/home/eda/soc/lib/gpdk/32n/lib/sram/verilog/saed32sram.v", 3656: 

*Warning* macro wordLength redefined from (4) to (8)
"/home/eda/soc/lib/gpdk/32n/lib/sram/verilog/saed32sram.v", 3765: 

*Warning* macro numAddr redefined from (5) to (6)
"/home/eda/soc/lib/gpdk/32n/lib/sram/verilog/saed32sram.v", 3876: 

*Warning* macro numWords redefined from (32) to (64)
"/home/eda/soc/lib/gpdk/32n/lib/sram/verilog/saed32sram.v", 3877: 

*Warning* macro wordLength redefined from (8) to (16)
"/home/eda/soc/lib/gpdk/32n/lib/sram/verilog/saed32sram.v", 3878: 

*Warning* macro wordLength redefined from (16) to (32)
"/home/eda/soc/lib/gpdk/32n/lib/sram/verilog/saed32sram.v", 3999: 

*Warning* macro wordLength redefined from (32) to (4)
"/home/eda/soc/lib/gpdk/32n/lib/sram/verilog/saed32sram.v", 4136: 

*Warning* macro wordLength redefined from (4) to (8)
"/home/eda/soc/lib/gpdk/32n/lib/sram/verilog/saed32sram.v", 4245: 
Highest level modules:
TB_MEMCTRL
SRAM1RW1024x8
SRAM1RW128x46
SRAM1RW128x48
SRAM1RW128x8
SRAM1RW256x128
SRAM1RW256x32
SRAM1RW256x46
SRAM1RW256x48
SRAM1RW256x8
SRAM1RW32x50
SRAM1RW512x128
SRAM1RW512x32
SRAM1RW64x128
SRAM1RW64x32
SRAM1RW64x34
SRAM1RW64x8
SRAM2RW128x16
SRAM2RW128x32
SRAM2RW128x4
SRAM2RW128x8
SRAM2RW16x16
SRAM2RW16x32
SRAM2RW16x4
SRAM2RW16x8
SRAM2RW32x16
SRAM2RW32x22
SRAM2RW32x32
SRAM2RW32x39
SRAM2RW32x4
SRAM2RW32x8
SRAM2RW64x16
SRAM2RW64x32
SRAM2RW64x4
SRAM2RW64x8

Total	4 error(s),   52 warning(s)
