#######################################################################################
# fsdb.xxxxx.log : log primitive debug message of FSDB Reader
# This is for R&D to analyze when there are issues happening when FSDB reading
# The corresponding FSDB file is /mnt/home/soc17/soc/proj/sim/rtl/memctrl/result.fsdb.fsdb
#######################################################################################
[BASIC]Reader version : Synopsys VCS version V-2023.12-SP2-1_Full64
[BASIC]simulator version : Synopsys VCS version V-2023.12-SP2-1_Full64
[BASIC]dumper version : unspecified
Async open disabled.
[THREAD]The MTR thread count is 12
[PERF]VC decompress count : 1
[PERF]VCChain decompress count : 1
[PERF]VC decompress count : 1
[PERF]VCChain decompress count : 1
[PERF]VC decompress count : 1
[PERF]VCChain decompress count : 1
[PERF]VC decompress count : 1
[PERF]VCChain decompress count : 1
[PERF]VC decompress count : 1
[PERF]VCChain decompress count : 1
[PERF]VC decompress count : 1
[PERF]VCChain decompress count : 1
[PERF]VC decompress count : 1
[PERF]VCChain decompress count : 1
[PERF]VC decompress count : 1
[PERF]VCChain decompress count : 1
[PERF]VC decompress count : 1
[PERF]VCChain decompress count : 1
[PERF]VC decompress count : 1
[PERF]VCChain decompress count : 1
[READSCOPE]ReadScopeTree calling time is 1
[READSCOPE]ReadScope_PartialLoad calling time is 0
[READSCOPE]Scope read by partial load count is 0
[READSCOPE]Scope read count is 1161
[READSCOPE]Decompressed blk is 1
[MAXCHAIN]Decompressed cnt 1
[PERF]VC decompress count : 1
[PERF]VCChain decompress count : 1
[FSDBGate Info] start
[FSDBGate Info] Total fhdb_compute_count = 0
[FSDBGate Info] end
