Command: vcs -full64 -debug_acc+all +v2k -sverilog +maxdelays +sdfverbose +lint=all,noVCDE \
-notice -line -timescale=1ns/1ps -l ./logs/compile.log -o simv -f list.f +vcs+dumpvars+result.fsdb \
-t TB_MEMCTRL -P /home/eda/synopsys/verdi/U-2023.03-SP2/share/PLI/VCS/LINUX64/novas.tab \
/home/eda/synopsys/verdi/U-2023.03-SP2/share/PLI/VCS/LINUX64/pli.a
                         Chronologic VCS (TM)
       Version U-2023.03-SP2_Full64 -- Mon Nov 11 06:20:59 2024

                    Copyright (c) 1991 - 2023 Synopsys, Inc.
   This software and the associated documentation are proprietary to Synopsys,
 Inc. This software may only be used in accordance with the terms and conditions
 of a written license agreement with Synopsys, Inc. All other use, reproduction,
   or distribution of this software is strictly prohibited.  Licensed Products
     communicate with Synopsys servers for the purpose of providing software
    updates, detecting software piracy and verifying that customers are using
    Licensed Products in conformity with the applicable License Key for such
  Licensed Products. Synopsys will use information gathered in connection with
    this process to deliver software updates and pursue software pirates and
                                   infringers.

 Inclusivity & Diversity - Visit SolvNetPlus to read the "Synopsys Statement on
            Inclusivity and Diversity" (Refer to article 000036315 at
                        https://solvnetplus.synopsys.com)

Parsing design file './../../../syn/memctrl/outputs/MEMCTRL_gate.v'
Parsing design file './TB_MEMCTRL.v'

Lint-[NS] Null statement
./TB_MEMCTRL.v, 41
  Null statement is used in following verilog source.
  Source info: 		#(`tck*0.5);


Lint-[NS] Null statement
./TB_MEMCTRL.v, 57
  Null statement is used in following verilog source.
  Source info: 		#(`tck*0.5);


Lint-[NS] Null statement
./TB_MEMCTRL.v, 61
  Null statement is used in following verilog source.
  Source info: 		#(`tck*0.5);


Lint-[NS] Null statement
./TB_MEMCTRL.v, 75
  Null statement is used in following verilog source.
  Source info: 		#(`tck*0.5);


Lint-[NS] Null statement
./TB_MEMCTRL.v, 89
  Null statement is used in following verilog source.
  Source info:       #(`tck*3.5);


Lint-[NS] Null statement
./TB_MEMCTRL.v, 95
  Null statement is used in following verilog source.
  Source info:       #(`tck*10);


Lint-[NS] Null statement
./TB_MEMCTRL.v, 98
  Null statement is used in following verilog source.
  Source info: 			#(`tck*10);


Lint-[NS] Null statement
./TB_MEMCTRL.v, 100
  Null statement is used in following verilog source.
  Source info: 			#(`tck*10);


Lint-[NS] Null statement
./TB_MEMCTRL.v, 102
  Null statement is used in following verilog source.
  Source info:       #(`tck*10);


Error-[SFCOR] Source file cannot be opened
  Source file "./../../../lib/sram/verilog/saed32sram.v" cannot be opened for 
  reading due to 'No such file or directory'.
  Please fix above issue and compile again.
  
  

1 error
CPU time: .140 seconds to compile
