****************************************
Report : constraint
        -all_violators
        -max_transition
Design : MEMCTRL
Version: U-2022.12-SP1
Date   : Wed Nov 27 03:43:14 2024
****************************************



   Mode: func Corner: ff_n40c
   Scenario: func.ff_n40c
  ---------------------------------------------------------------------------
   Number of max_transition violation(s): 0

   Mode: func Corner: ss_125c
   Scenario: func.ss_125c
  ---------------------------------------------------------------------------
   Number of max_transition violation(s): 0

   Mode: func Corner: ff_125c
   Scenario: func.ff_125c
  ---------------------------------------------------------------------------
   Number of max_transition violation(s): 0

   Mode: func Corner: ss_n40c
   Scenario: func.ss_n40c
  ---------------------------------------------------------------------------
   Number of max_transition violation(s): 0

   Total number of violation(s): 0
1
