****************************************
Report : report_utilization
Design : MEMCTRL
Version: U-2022.12-SP1
Date   : Wed Nov 27 03:43:14 2024
****************************************
Utilization Ratio:			0.0067
Utilization options:
 - Area calculation based on:		site_row of block MEMCTRL
 - Categories of objects excluded:	hard_macros macro_keepouts soft_macros io_cells hard_blockages 
Total Area:				179556.0399
Total Capacity Area:			106682.7893
Total Area of cells:			718.7192
Area of excluded objects:
 - hard_macros         :		62661.7446
 - macro_keepouts      :		5836.1628
 - soft_macros         :		0.0000
 - io_cells            :		0.0000
 - hard_blockages      :		72873.2506
Total Area of excluded objects:		141371.1580
Ratio of excluded objects:		0.7873

Utilization of site-rows with:
 - Site 'unit':				0.0067

0.0067
