****************************************
Report : qor
        -summary
Design : MEMCTRL
Version: U-2022.12-SP1
Date   : Wed Nov 27 03:42:46 2024
****************************************
Information: Timer using 'CRPR'. (TIM-050)

Timing
---------------------------------------------------------------------------
Context                                 WNS            TNS            NVE
---------------------------------------------------------------------------
func.ff_125c       (Setup)            0.623          0.000              0
func.ff_n40c       (Setup)            0.631          0.000              0
func.ss_125c       (Setup)            0.445          0.000              0
func.ss_n40c       (Setup)            0.377          0.000              0
Design             (Setup)            0.377          0.000              0

func.ff_125c       (Hold)            -0.024         -0.024              1
func.ff_n40c       (Hold)            -0.034         -0.034              1
func.ss_125c       (Hold)             0.150          0.000              0
func.ss_n40c       (Hold)             0.211          0.000              0
Design             (Hold)            -0.034         -0.034              1
---------------------------------------------------------------------------

Miscellaneous
---------------------------------------------------------------------------
Cell Area (netlist):                         63643.561
Cell Area (netlist and physical only):       63643.561
Nets with DRC Violations:        0
1
