#@ # 
#@ # Running fc_shell Version U-2022.12-SP1 for linux64 -- Jan 27, 2023
#@ # Date:   Wed Nov 27 03:41:04 2024
#@ # Run by: jhpark@dice
#@ 

source /home/jhpark/soc/proj/pnr/memctrl/.synopsys_fc.setup
source run_fc.tcl
start_gui
gui_set_pref_value -category {SelectByNamePalette} -key {ObjectType} -value {Logical Cells}
win_set_filter -visible -class cell -filter {clock_margin hard_macro_margin hard_margin route_blockage_margin soft_margin}
win_set_filter -visible -class pseudo_bump -filter {deleted}
win_set_filter -visible -class pseudo_tsv -filter {deleted}
win_set_filter -visible -class placement_blockage -filter {wiring} -layer {0-82}
win_set_filter -expand_cell_types {soft_macro  }
win_set_select_class -visible {cell port bound routing_blockage shaping_blockage pg_region bump_region pseudo_bump pseudo_tsv pin_blockage block_shielding topology_node topology_edge topology_repeater annotation_shape core_area die_area edit_group shape via terminal fill_cell placement_blockage }
win_set_filter -class cell -filter {array clock_margin hard_macro_margin hard_margin route_blockage_margin soft_margin}
win_set_filter -class pseudo_bump -filter {deleted}
win_set_filter -class pseudo_tsv -filter {deleted}
win_set_filter -class placement_blockage -filter {wiring} -layer {0-82}
win_set_select_class {cell port bound routing_blockage shaping_blockage pg_region bump_region pseudo_bump pseudo_tsv pin_blockage topology_node topology_edge topology_repeater annotation_shape edit_group shape via placement_blockage }
gui_set_setting -window [gui_get_current_window -types Layout -mru] -setting showLayer_NWELL -value false
gui_set_setting -window [gui_get_current_window -types Layout -mru] -setting showLayer_PO -value false
gui_set_setting -window [gui_get_current_window -types Layout -mru] -setting showLayer_PODMY -value false
gui_set_setting -window [gui_get_current_window -types Layout -mru] -setting showLayer_CO -value false
gui_set_setting -window [gui_get_current_window -types Layout -mru] -setting showLayer_M1 -value false
gui_set_setting -window [gui_get_current_window -types Layout -mru] -setting showLayer_M1DMY -value false
gui_set_setting -window [gui_get_current_window -types Layout -mru] -setting showLayer_VIA1 -value false
gui_set_setting -window [gui_get_current_window -types Layout -mru] -setting showLayer_M2 -value false
gui_set_setting -window [gui_get_current_window -types Layout -mru] -setting showLayer_M2DMY -value false
gui_set_setting -window [gui_get_current_window -types Layout -mru] -setting showLayer_VIA2 -value false
gui_set_setting -window [gui_get_current_window -types Layout -mru] -setting showLayer_M3 -value false
gui_set_setting -window [gui_get_current_window -types Layout -mru] -setting showLayer_M3DMY -value false
gui_set_setting -window [gui_get_current_window -types Layout -mru] -setting showLayer_VIA3 -value false
gui_set_setting -window [gui_get_current_window -types Layout -mru] -setting showLayer_M4 -value false
gui_set_setting -window [gui_get_current_window -types Layout -mru] -setting showLayer_M4DMY -value false
gui_set_setting -window [gui_get_current_window -types Layout -mru] -setting showLayer_VIA4 -value false
gui_set_setting -window [gui_get_current_window -types Layout -mru] -setting showLayer_M5 -value false
gui_set_setting -window [gui_get_current_window -types Layout -mru] -setting showLayer_M5DMY -value false
gui_set_setting -window [gui_get_current_window -types Layout -mru] -setting showLayer_VIA5 -value false
gui_set_setting -window [gui_get_current_window -types Layout -mru] -setting showLayer_M6 -value false
gui_set_setting -window [gui_get_current_window -types Layout -mru] -setting showLayer_M6DMY -value false
gui_set_setting -window [gui_get_current_window -types Layout -mru] -setting showLayer_VIA6 -value false
gui_set_setting -window [gui_get_current_window -types Layout -mru] -setting showLayer_M7 -value false
gui_set_setting -window [gui_get_current_window -types Layout -mru] -setting showLayer_M7DMY -value false
gui_set_setting -window [gui_get_current_window -types Layout -mru] -setting showLayer_VIA7 -value false
gui_set_setting -window [gui_get_current_window -types Layout -mru] -setting showLayer_M8 -value false
gui_set_setting -window [gui_get_current_window -types Layout -mru] -setting showLayer_M8DMY -value false
gui_set_setting -window [gui_get_current_window -types Layout -mru] -setting showLayer_VIA8 -value false
gui_set_setting -window [gui_get_current_window -types Layout -mru] -setting showLayer_M9 -value false
gui_set_setting -window [gui_get_current_window -types Layout -mru] -setting showLayer_M9DMY -value false
gui_set_setting -window [gui_get_current_window -types Layout -mru] -setting showLayer_VIARDL -value false
gui_set_setting -window [gui_get_current_window -types Layout -mru] -setting showLayer_MRDL -value false
gui_set_setting -window [gui_get_current_window -types Layout -mru] -setting showLayer_BJTDMY -value false
gui_set_setting -window [gui_get_current_window -types Layout -mru] -setting showLayer_DIFF -value false
gui_set_setting -window [gui_get_current_window -types Layout -mru] -setting showLayer_DDMY -value false
gui_set_setting -window [gui_get_current_window -types Layout -mru] -setting showLayer_DIFF_18 -value false
gui_set_setting -window [gui_get_current_window -types Layout -mru] -setting showLayer_DIFF_25 -value false
gui_set_setting -window [gui_get_current_window -types Layout -mru] -setting showLayer_DIFF_FM -value false
gui_set_setting -window [gui_get_current_window -types Layout -mru] -setting showLayer_DIOD -value false
gui_set_setting -window [gui_get_current_window -types Layout -mru] -setting showLayer_DM1EXCL -value false
gui_set_setting -window [gui_get_current_window -types Layout -mru] -setting showLayer_DM2EXCL -value false
gui_set_setting -window [gui_get_current_window -types Layout -mru] -setting showLayer_DM3EXCL -value false
gui_set_setting -window [gui_get_current_window -types Layout -mru] -setting showLayer_DM4EXCL -value false
gui_set_setting -window [gui_get_current_window -types Layout -mru] -setting showLayer_DM5EXCL -value false
gui_set_setting -window [gui_get_current_window -types Layout -mru] -setting showLayer_DM6EXCL -value false
gui_set_setting -window [gui_get_current_window -types Layout -mru] -setting showLayer_DM7EXCL -value false
gui_set_setting -window [gui_get_current_window -types Layout -mru] -setting showLayer_DM8EXCL -value false
gui_set_setting -window [gui_get_current_window -types Layout -mru] -setting showLayer_DM9EXCL -value false
gui_set_setting -window [gui_get_current_window -types Layout -mru] -setting showLayer_DNW -value false
gui_set_setting -window [gui_get_current_window -types Layout -mru] -setting showLayer_ESD_25 -value false
gui_set_setting -window [gui_get_current_window -types Layout -mru] -setting showLayer_HOTNWL -value false
gui_set_setting -window [gui_get_current_window -types Layout -mru] -setting showLayer_HVTIMP -value false
gui_set_setting -window [gui_get_current_window -types Layout -mru] -setting showLayer_IP -value false
gui_set_setting -window [gui_get_current_window -types Layout -mru] -setting showLayer_LOGO -value false
gui_set_setting -window [gui_get_current_window -types Layout -mru] -setting showLayer_LVTIMP -value false
gui_set_setting -window [gui_get_current_window -types Layout -mru] -setting showLayer_M1PIN -value false
gui_set_setting -window [gui_get_current_window -types Layout -mru] -setting showLayer_M2PIN -value false
gui_set_setting -window [gui_get_current_window -types Layout -mru] -setting showLayer_M3PIN -value false
gui_set_setting -window [gui_get_current_window -types Layout -mru] -setting showLayer_M4PIN -value false
gui_set_setting -window [gui_get_current_window -types Layout -mru] -setting showLayer_M5PIN -value false
gui_set_setting -window [gui_get_current_window -types Layout -mru] -setting showLayer_M6PIN -value false
gui_set_setting -window [gui_get_current_window -types Layout -mru] -setting showLayer_M7PIN -value false
gui_set_setting -window [gui_get_current_window -types Layout -mru] -setting showLayer_M8PIN -value false
gui_set_setting -window [gui_get_current_window -types Layout -mru] -setting showLayer_M9PIN -value false
gui_set_setting -window [gui_get_current_window -types Layout -mru] -setting showLayer_MRDL9PIN -value false
gui_set_setting -window [gui_get_current_window -types Layout -mru] -setting showLayer_NIMP -value false
gui_set_setting -window [gui_get_current_window -types Layout -mru] -setting showLayer_PAD -value false
gui_set_setting -window [gui_get_current_window -types Layout -mru] -setting showLayer_PIMP -value false
gui_set_setting -window [gui_get_current_window -types Layout -mru] -setting showLayer_PO_FM -value false
gui_set_setting -window [gui_get_current_window -types Layout -mru] -setting showLayer_RM1 -value false
gui_set_setting -window [gui_get_current_window -types Layout -mru] -setting showLayer_RM2 -value false
gui_set_setting -window [gui_get_current_window -types Layout -mru] -setting showLayer_RM3 -value false
gui_set_setting -window [gui_get_current_window -types Layout -mru] -setting showLayer_RM4 -value false
gui_set_setting -window [gui_get_current_window -types Layout -mru] -setting showLayer_RM5 -value false
gui_set_setting -window [gui_get_current_window -types Layout -mru] -setting showLayer_RM6 -value false
gui_set_setting -window [gui_get_current_window -types Layout -mru] -setting showLayer_RM7 -value false
gui_set_setting -window [gui_get_current_window -types Layout -mru] -setting showLayer_RM8 -value false
gui_set_setting -window [gui_get_current_window -types Layout -mru] -setting showLayer_RM9 -value false
gui_set_setting -window [gui_get_current_window -types Layout -mru] -setting showLayer_RMARK -value false
gui_set_setting -window [gui_get_current_window -types Layout -mru] -setting showLayer_RNW -value false
gui_set_setting -window [gui_get_current_window -types Layout -mru] -setting showLayer_SBLK -value false
gui_set_setting -window [gui_get_current_window -types Layout -mru] -setting showLayer_prBoundary -value false
gui_set_setting -window [gui_get_current_window -types Layout -mru] -setting showLayer_UNASSIGNED -value false
win_set_filter -visible -class routing_blockage -layer {0-82}
win_set_filter -visible -class shape -filter {} -layer {0-82}
win_set_filter -visible -class via -filter {} -layer {0-82}
win_set_filter -visible -class terminal -filter {}  -layer {0-82}
win_set_filter -class routing_blockage -layer {0-82}
win_set_filter -class shape -filter {} -layer {0-82}
win_set_filter -class via -filter {} -layer {0-82}
gui_zoom -window [gui_get_current_window -types Layout -mru] -factor 2 -at_point {200.407 134.282}
gui_zoom -window [gui_get_current_window -types Layout -mru] -factor 2 -at_point {225.640 130.029}
change_selection [get_clocks CLOCK]
gui_set_setting -window [gui_get_current_window -types Acg -mru] -setting acg:reverse_wheel -value false
gui_set_setting -window [gui_get_current_window -types Acg -mru] -setting acg:text_show -value false
gui_zoom -window [gui_get_current_window -view] -full
change_selection [get_clocks CLOCKCE]
gui_set_setting -window [gui_get_current_window -types Acg -mru] -setting acg:reverse_wheel -value false
gui_set_setting -window [gui_get_current_window -types Acg -mru] -setting acg:text_show -value false
change_selection [get_clocks CLOCK]
change_selection [get_clocks CLOCKCE]
change_selection -add [get_clocks CLOCKB]
change_selection -add [get_clocks CLOCK]
change_selection -add [get_clocks CLOCKCE]
change_selection -add [get_clocks CLOCKB]
change_selection -add [get_clocks CLOCK]
change_selection -add [get_modes func]
change_selection -add [get_modes func]
gui_set_setting -window [gui_get_current_window -types Acg -mru] -setting acg:reverse_wheel -value false
gui_set_setting -window [gui_get_current_window -types Acg -mru] -setting acg:text_show -value false
change_selection 
change_selection [get_cells {UFSM/MEM_ADDR_reg[7]}]
change_selection -add [get_cells {UFSM/MEM_IDATA_reg[5]}]
change_selection -add [get_cells {UFSM/MEM_IDATA_reg[2]}]
change_selection -add [get_cells {UFSM/MEM_ADDR_reg[4]}]
change_selection -add [get_cells {UFSM/MEM_ADDR_reg[1]}]
change_selection -add [get_cells {UFSM/MEM_IDATA_reg[7]}]
change_selection [get_cells {UFSM/MEM_ADDR_reg[7]}]
change_selection -add [get_cells {UFSM/MEM_IDATA_reg[5]}]
change_selection -add [get_cells {UFSM/MEM_IDATA_reg[2]}]
change_selection -add [get_cells {UFSM/MEM_ADDR_reg[4]}]
change_selection -add [get_cells {UFSM/MEM_ADDR_reg[1]}]
change_selection -add [get_cells {UFSM/MEM_IDATA_reg[7]}]
gui_set_setting -window [gui_get_current_window -types Schematic -mru] -setting schematic:background_color -value black
gui_set_setting -window [gui_get_current_window -types Schematic -mru] -setting zoomFitFactor -value 0.0
change_selection [get_nets UFSM/ctosc_dly_trglat_0]
change_selection [get_nets UFSM/ctosc_dly_trglat_0]
change_selection [get_pins UFSM/I_1/Y]
change_selection [get_nets UFSM/ctosc_dly_trglat_0]
change_selection [get_nets UFSM/CLKB]
change_selection [get_cells UFSM]
change_selection [get_cells UFSM]
change_selection [get_s {{}}]
change_selection -add [get_cells {UFSM/MEM_ADDR_reg[4]}]
change_selection -add [get_cells {UFSM/MEM_ADDR_reg[7]}]
change_selection -add [get_cells {UFSM/MEM_ADDR_reg[1]}]
change_selection [get_s {{}}]
change_selection -add [get_cells {UFSM/MEM_ADDR_reg[4]}]
change_selection -add [get_cells {UFSM/MEM_ADDR_reg[7]}]
change_selection -add [get_cells {UFSM/MEM_ADDR_reg[1]}]
change_selection [get_cells {UFSM/MEM_ADDR_reg[1]}]
change_selection [get_cells {UFSM/MEM_ADDR_reg[4]}]
change_selection [get_cells {UFSM/MEM_ADDR_reg[7]}]
change_selection 
change_selection [get_cells UFSM/PREV_CE_reg]
change_selection -add [get_cells UFSM/MEM_CE_reg]
change_selection [get_clocks CLOCKB]
change_selection -add [get_pins UFSM/I_1/Y]
change_selection -add [get_pins UFSM/I_1/Y]
gui_zoom -window [gui_get_current_window -view] -full
change_selection [get_clocks CLOCKCE]
change_selection -add [get_pins UFSM/HFSBUF_6_73/Y]
change_selection [get_clocks CLOCK]
change_selection [get_clocks CLOCKCE]
change_selection -add [get_clocks CLOCKB]
change_selection -add [get_clocks CLOCK]
change_selection -add [get_clocks CLOCKCE]
change_selection -add [get_clocks CLOCKB]
change_selection -add [get_clocks CLOCK]
change_selection -add [get_modes func]
change_selection -add [get_modes func]
update_timing -full
change_selection 
change_selection [get_pins {UFSM/MEM_IDATA_reg[6]/CLK}]
change_selection -add [get_pins {UFSM/MEM_IDATA_reg[6]/CLK}]
change_selection -add [get_pins {UFSM/MEM_IDATA_reg[6]/CLK}]
change_selection -add [get_pins {UFSM/MEM_IDATA_reg[6]/CLK}]
change_selection [get_pins {UFSM/MEM_ADDR_reg[3]/CLK}]
change_selection -add [get_pins {UFSM/MEM_ADDR_reg[3]/CLK}]
change_selection -add [get_pins {UFSM/MEM_ADDR_reg[3]/CLK}]
change_selection -add [get_pins {UFSM/MEM_ADDR_reg[3]/CLK}]
gui_set_setting -window [gui_get_current_window -types Schematic -mru] -setting schematic:background_color -value black
gui_set_setting -window [gui_get_current_window -types Schematic -mru] -setting zoomFitFactor -value 0.0
gui_set_setting -window [gui_get_current_window -types Schematic -mru] -setting schem_hierarchy:lineColor -value darkorange
change_selection [get_pins {UFSM/MEM_IDATA_reg[6]/CLK}]
change_selection -add [get_pins {UFSM/MEM_IDATA_reg[6]/CLK}]
change_selection -add [get_pins {UFSM/MEM_IDATA_reg[6]/CLK}]
change_selection -add [get_pins {UFSM/MEM_IDATA_reg[6]/CLK}]
change_selection [get_nets UFSM/ZCTSNET_0]
change_selection [get_pins {UFSM/MEM_IDATA_reg[6]/CLK}]
change_selection -add [get_pins {UFSM/MEM_IDATA_reg[6]/CLK}]
change_selection -add [get_pins {UFSM/MEM_IDATA_reg[6]/CLK}]
change_selection -add [get_pins {UFSM/MEM_IDATA_reg[6]/CLK}]
change_selection [get_pins {UFSM/MEM_ADDR_reg[3]/CLK}]
change_selection -add [get_pins {UFSM/MEM_ADDR_reg[3]/CLK}]
change_selection -add [get_pins {UFSM/MEM_ADDR_reg[3]/CLK}]
change_selection -add [get_pins {UFSM/MEM_ADDR_reg[3]/CLK}]
change_selection -add [get_pins {UFSM/MEM_IDATA_reg[6]/CLK}]
change_selection -add [get_pins {UFSM/MEM_IDATA_reg[6]/CLK}]
change_selection -add [get_pins {UFSM/MEM_IDATA_reg[6]/CLK}]
change_selection -add [get_pins {UFSM/MEM_IDATA_reg[6]/CLK}]
change_selection -add [get_pins {UFSM/MEM_ADDR_reg[8]/CLK}]
change_selection -add [get_pins {UFSM/MEM_ADDR_reg[8]/CLK}]
change_selection -add [get_pins {UFSM/MEM_ADDR_reg[8]/CLK}]
change_selection -add [get_pins {UFSM/MEM_ADDR_reg[8]/CLK}]
change_selection -add [get_pins {UFSM/MEM_IDATA_reg[0]/CLK}]
change_selection -add [get_pins {UFSM/MEM_IDATA_reg[0]/CLK}]
change_selection -add [get_pins {UFSM/MEM_IDATA_reg[0]/CLK}]
change_selection -add [get_pins {UFSM/MEM_IDATA_reg[0]/CLK}]
change_selection -add [get_pins UFSM/MEM_WEB_reg/CLK]
change_selection -add [get_pins UFSM/MEM_WEB_reg/CLK]
change_selection -add [get_pins UFSM/MEM_WEB_reg/CLK]
change_selection -add [get_pins UFSM/MEM_WEB_reg/CLK]
change_selection -add [get_pins {UFSM/MEM_ADDR_reg[0]/CLK}]
change_selection -add [get_pins {UFSM/MEM_ADDR_reg[0]/CLK}]
change_selection -add [get_pins {UFSM/MEM_ADDR_reg[0]/CLK}]
change_selection -add [get_pins {UFSM/MEM_ADDR_reg[0]/CLK}]
change_selection -add [get_pins {UFSM/MEM_ADDR_reg[5]/CLK}]
change_selection -add [get_pins {UFSM/MEM_ADDR_reg[5]/CLK}]
change_selection -add [get_pins {UFSM/MEM_ADDR_reg[5]/CLK}]
change_selection -add [get_pins {UFSM/MEM_ADDR_reg[5]/CLK}]
change_selection -add [get_pins {UFSM/MEM_IDATA_reg[4]/CLK}]
change_selection -add [get_pins {UFSM/MEM_IDATA_reg[4]/CLK}]
change_selection -add [get_pins {UFSM/MEM_IDATA_reg[4]/CLK}]
change_selection -add [get_pins {UFSM/MEM_IDATA_reg[4]/CLK}]
change_selection -add [get_pins {UFSM/MEM_OEB_reg[3]/CLK}]
change_selection -add [get_pins {UFSM/MEM_OEB_reg[3]/CLK}]
change_selection -add [get_pins {UFSM/MEM_OEB_reg[3]/CLK}]
change_selection -add [get_pins {UFSM/MEM_OEB_reg[3]/CLK}]
change_selection -add [get_pins {UFSM/MEM_CSB_reg[3]/CLK}]
change_selection -add [get_pins {UFSM/MEM_CSB_reg[3]/CLK}]
change_selection -add [get_pins {UFSM/MEM_CSB_reg[3]/CLK}]
change_selection -add [get_pins {UFSM/MEM_CSB_reg[3]/CLK}]
change_selection -add [get_pins {UFSM/MEM_CSB_reg[2]/CLK}]
change_selection -add [get_pins {UFSM/MEM_CSB_reg[2]/CLK}]
change_selection -add [get_pins {UFSM/MEM_CSB_reg[2]/CLK}]
change_selection -add [get_pins {UFSM/MEM_CSB_reg[2]/CLK}]
change_selection -add [get_pins {UFSM/MEM_OEB_reg[2]/CLK}]
change_selection -add [get_pins {UFSM/MEM_OEB_reg[2]/CLK}]
change_selection -add [get_pins {UFSM/MEM_OEB_reg[2]/CLK}]
change_selection -add [get_pins {UFSM/MEM_OEB_reg[2]/CLK}]
change_selection -add [get_pins {UFSM/MEM_OEB_reg[0]/CLK}]
change_selection -add [get_pins {UFSM/MEM_OEB_reg[0]/CLK}]
change_selection -add [get_pins {UFSM/MEM_OEB_reg[0]/CLK}]
change_selection -add [get_pins {UFSM/MEM_OEB_reg[0]/CLK}]
change_selection -add [get_pins {UFSM/MEM_OEB_reg[1]/CLK}]
change_selection -add [get_pins {UFSM/MEM_OEB_reg[1]/CLK}]
change_selection -add [get_pins {UFSM/MEM_OEB_reg[1]/CLK}]
change_selection -add [get_pins {UFSM/MEM_OEB_reg[1]/CLK}]
change_selection -add [get_pins {UFSM/MEM_CSB_reg[0]/CLK}]
change_selection -add [get_pins {UFSM/MEM_CSB_reg[0]/CLK}]
change_selection -add [get_pins {UFSM/MEM_CSB_reg[0]/CLK}]
change_selection -add [get_pins {UFSM/MEM_CSB_reg[0]/CLK}]
change_selection -add [get_pins {UFSM/MEM_CSB_reg[1]/CLK}]
change_selection -add [get_pins {UFSM/MEM_CSB_reg[1]/CLK}]
change_selection -add [get_pins {UFSM/MEM_CSB_reg[1]/CLK}]
change_selection -add [get_pins {UFSM/MEM_CSB_reg[1]/CLK}]
gui_set_setting -window [gui_get_current_window -types Schematic -mru] -setting schematic:background_color -value black
gui_set_setting -window [gui_get_current_window -types Schematic -mru] -setting zoomFitFactor -value 0.0
gui_zoom -window [gui_get_current_window -view] -full
change_selection [get_nets UFSM/ZCTSNET_0]
change_selection [get_pins UFSM/ZCTSINV_795_882/A]
change_selection [get_pins UFSM/ZCTSINV_797_883/A]
change_selection [get_pins UFSM/ctosc_dly_trglat_inst_951/A]
change_selection [get_pins UFSM/ctosc_dly_trglat_inst_953/A]
change_selection [get_pins UFSM/ctosc_dly_trglat_inst_955/A]
change_selection [get_pins UFSM/ctosc_dly_trglat_inst_957/A]
change_selection [get_pins UFSM/ctosc_dly_trglat_inst_958/A]
change_selection [get_pins UFSM/ctosc_dly_trglat_inst_956/A]
change_selection [get_pins UFSM/ctosc_dly_trglat_inst_954/A]
change_selection [get_pins UFSM/ctosc_dly_trglat_inst_952/A]
change_selection 
gui_zoom -window [gui_get_current_window -view] -full
gui_zoom -window [gui_get_current_window -view] -full
get_cell -hier */*DAT*reg*
change_selection [get_cells UFSM]
change_selection [get_cells {UFSM/MEM_IDATA_reg[4]}]
get_cells -hierarchical */*DATA*
get_selection
get_cells -hierarchical * -filter "full_name =~*IDATA_reg*"
change_selection [get_cells -hierarchical * -filter "full_name =~*IDATA_reg*"]
gui_set_setting -window [gui_get_current_window -types Schematic -mru] -setting schematic:background_color -value black
gui_set_setting -window [gui_get_current_window -types Schematic -mru] -setting zoomFitFactor -value 0.0
gui_set_setting -window [gui_get_current_window -types Schematic -mru] -setting schem_hierarchy:lineColor -value darkorange
change_selection [get_clocks CLOCK]
change_selection [get_modes func]
change_selection [get_clocks CLOCK]
gui_set_setting -window [gui_get_current_window -types Acg -mru] -setting acg:reverse_wheel -value false
gui_set_setting -window [gui_get_current_window -types Acg -mru] -setting acg:text_show -value false
change_selection [get_cells {UFSM/MEM_ADDR_reg[7]}]
change_selection -add [get_cells {UFSM/MEM_IDATA_reg[5]}]
change_selection -add [get_cells {UFSM/MEM_IDATA_reg[2]}]
change_selection -add [get_cells {UFSM/MEM_ADDR_reg[4]}]
change_selection -add [get_cells {UFSM/MEM_ADDR_reg[1]}]
change_selection -add [get_cells {UFSM/MEM_IDATA_reg[7]}]
change_selection [get_cells {UFSM/MEM_ADDR_reg[7]}]
change_selection -add [get_cells {UFSM/MEM_IDATA_reg[5]}]
change_selection -add [get_cells {UFSM/MEM_IDATA_reg[2]}]
change_selection -add [get_cells {UFSM/MEM_ADDR_reg[4]}]
change_selection -add [get_cells {UFSM/MEM_ADDR_reg[1]}]
change_selection -add [get_cells {UFSM/MEM_IDATA_reg[7]}]
change_selection [get_pins {UFSM/MEM_IDATA_reg[4]/CLK}]
change_selection -add [get_pins UFSM/ZCTSINV_795_882/Y]
change_selection -add [get_pins {UFSM/MEM_IDATA_reg[3]/CLK}]
change_selection -add [get_pins UFSM/ZCTSINV_613_884/Y]
change_selection -add [get_pins {UFSM/MEM_IDATA_reg[1]/CLK}]
change_selection -add [get_pins {UFSM/MEM_IDATA_reg[0]/CLK}]
change_selection -add [get_pins {UFSM/MEM_ADDR_reg[8]/CLK}]
change_selection -add [get_pins {UFSM/MEM_OEB_reg[3]/CLK}]
change_selection -add [get_pins {UFSM/MEM_ADDR_reg[6]/CLK}]
change_selection -add [get_pins UFSM/ZCTSINV_630_885/Y]
change_selection -add [get_pins {UFSM/MEM_ADDR_reg[5]/CLK}]
change_selection -add [get_pins {UFSM/MEM_ADDR_reg[3]/CLK}]
change_selection -add [get_pins {UFSM/MEM_ADDR_reg[2]/CLK}]
change_selection -add [get_pins {UFSM/MEM_ADDR_reg[0]/CLK}]
change_selection -add [get_pins {UFSM/MEM_OEB_reg[2]/CLK}]
change_selection -add [get_pins {UFSM/MEM_OEB_reg[1]/CLK}]
change_selection -add [get_pins {UFSM/MEM_OEB_reg[0]/CLK}]
change_selection -add [get_pins {UFSM/MEM_CSB_reg[1]/CLK}]
change_selection -add [get_pins {UFSM/MEM_CSB_reg[0]/CLK}]
change_selection -add [get_pins UFSM/MEM_WEB_reg/CLK]
change_selection -add [get_pins {UFSM/MEM_CSB_reg[2]/CLK}]
change_selection -add [get_pins {UFSM/MEM_IDATA_reg[6]/CLK}]
change_selection -add [get_pins {UFSM/MEM_CSB_reg[3]/CLK}]
change_selection [get_cells {UFSM/MEM_IDATA_reg[4]}]
change_selection -add [get_cells {UFSM/MEM_IDATA_reg[3]}]
change_selection -add [get_cells {UFSM/MEM_IDATA_reg[1]}]
change_selection -add [get_cells {UFSM/MEM_IDATA_reg[0]}]
change_selection -add [get_cells {UFSM/MEM_ADDR_reg[8]}]
change_selection -add [get_cells {UFSM/MEM_OEB_reg[3]}]
change_selection -add [get_cells {UFSM/MEM_ADDR_reg[6]}]
change_selection -add [get_cells {UFSM/MEM_ADDR_reg[5]}]
change_selection -add [get_cells {UFSM/MEM_ADDR_reg[3]}]
change_selection -add [get_cells {UFSM/MEM_ADDR_reg[2]}]
change_selection -add [get_cells {UFSM/MEM_ADDR_reg[0]}]
change_selection -add [get_cells {UFSM/MEM_OEB_reg[2]}]
change_selection -add [get_cells {UFSM/MEM_OEB_reg[1]}]
change_selection -add [get_cells {UFSM/MEM_OEB_reg[0]}]
change_selection -add [get_cells {UFSM/MEM_CSB_reg[1]}]
change_selection -add [get_cells {UFSM/MEM_CSB_reg[0]}]
change_selection -add [get_cells UFSM/MEM_WEB_reg]
change_selection -add [get_cells {UFSM/MEM_CSB_reg[2]}]
change_selection -add [get_cells {UFSM/MEM_IDATA_reg[6]}]
change_selection -add [get_cells {UFSM/MEM_CSB_reg[3]}]
change_selection -add [get_pins {UFSM/MEM_IDATA_reg[4]/CLK}]
change_selection -add [get_pins UFSM/ZCTSINV_795_882/Y]
change_selection -add [get_pins {UFSM/MEM_IDATA_reg[3]/CLK}]
change_selection -add [get_pins UFSM/ZCTSINV_613_884/Y]
change_selection -add [get_pins {UFSM/MEM_IDATA_reg[1]/CLK}]
change_selection -add [get_pins {UFSM/MEM_IDATA_reg[0]/CLK}]
change_selection -add [get_pins {UFSM/MEM_ADDR_reg[8]/CLK}]
change_selection -add [get_pins {UFSM/MEM_OEB_reg[3]/CLK}]
change_selection -add [get_pins {UFSM/MEM_ADDR_reg[6]/CLK}]
change_selection -add [get_pins UFSM/ZCTSINV_630_885/Y]
change_selection -add [get_pins {UFSM/MEM_ADDR_reg[5]/CLK}]
change_selection -add [get_pins {UFSM/MEM_ADDR_reg[3]/CLK}]
change_selection -add [get_pins {UFSM/MEM_ADDR_reg[2]/CLK}]
change_selection -add [get_pins {UFSM/MEM_ADDR_reg[0]/CLK}]
change_selection -add [get_pins {UFSM/MEM_OEB_reg[2]/CLK}]
change_selection -add [get_pins {UFSM/MEM_OEB_reg[1]/CLK}]
change_selection -add [get_pins {UFSM/MEM_OEB_reg[0]/CLK}]
change_selection -add [get_pins {UFSM/MEM_CSB_reg[1]/CLK}]
change_selection -add [get_pins {UFSM/MEM_CSB_reg[0]/CLK}]
change_selection -add [get_pins UFSM/MEM_WEB_reg/CLK]
change_selection -add [get_pins {UFSM/MEM_CSB_reg[2]/CLK}]
change_selection -add [get_pins {UFSM/MEM_IDATA_reg[6]/CLK}]
change_selection -add [get_pins {UFSM/MEM_CSB_reg[3]/CLK}]
change_selection [get_cells {UFSM/MEM_IDATA_reg[4]}]
change_selection -add [get_cells {UFSM/MEM_IDATA_reg[3]}]
change_selection -add [get_cells {UFSM/MEM_IDATA_reg[1]}]
change_selection -add [get_cells {UFSM/MEM_IDATA_reg[0]}]
change_selection -add [get_cells {UFSM/MEM_ADDR_reg[8]}]
change_selection -add [get_cells {UFSM/MEM_OEB_reg[3]}]
change_selection -add [get_cells {UFSM/MEM_ADDR_reg[6]}]
change_selection -add [get_cells {UFSM/MEM_ADDR_reg[5]}]
change_selection -add [get_cells {UFSM/MEM_ADDR_reg[3]}]
change_selection -add [get_cells {UFSM/MEM_ADDR_reg[2]}]
change_selection -add [get_cells {UFSM/MEM_ADDR_reg[0]}]
change_selection -add [get_cells {UFSM/MEM_OEB_reg[2]}]
change_selection -add [get_cells {UFSM/MEM_OEB_reg[1]}]
change_selection -add [get_cells {UFSM/MEM_OEB_reg[0]}]
change_selection -add [get_cells {UFSM/MEM_CSB_reg[1]}]
change_selection -add [get_cells {UFSM/MEM_CSB_reg[0]}]
change_selection -add [get_cells UFSM/MEM_WEB_reg]
change_selection -add [get_cells {UFSM/MEM_CSB_reg[2]}]
change_selection -add [get_cells {UFSM/MEM_IDATA_reg[6]}]
change_selection -add [get_cells {UFSM/MEM_CSB_reg[3]}]
change_selection 
change_selection [get_cells UFSM/PREV_CE_reg]
change_selection -add [get_cells UFSM/MEM_CE_reg]
change_selection -add [get_pins UFSM/PREV_CE_reg/CLK]
change_selection -add [get_pins UFSM/I_1/Y]
change_selection -add [get_pins UFSM/MEM_CE_reg/CLK]
change_selection 
gui_zoom -window [gui_get_current_window -view] -full
stop_gui
report_timing
report_timing -delay_type min
start_gui
win_set_filter -visible -class routing_blockage -layer {}
win_set_filter -visible -class shape -filter {} -layer {}
win_set_filter -visible -class via -filter {} -layer {}
win_set_filter -visible -class terminal -filter {}  -layer {}
win_set_filter -class routing_blockage -layer {}
win_set_filter -class shape -filter {} -layer {}
win_set_filter -class via -filter {} -layer {}
change_selection [get_clocks CLOCK]
gui_set_setting -window [gui_get_current_window -types Schematic -mru] -setting schematic:background_color -value black
gui_set_setting -window [gui_get_current_window -types Schematic -mru] -setting zoomFitFactor -value 0.0
gui_set_setting -window [gui_get_current_window -types Schematic -mru] -setting schematic:background_color -value black
gui_set_setting -window [gui_get_current_window -types Schematic -mru] -setting zoomFitFactor -value 0.0
gui_set_setting -window [gui_get_current_window -types Schematic -mru] -setting schem_hierarchy:lineColor -value darkorange
gui_zoom -window [gui_get_current_window -view] -full
change_selection [get_s {{}}]
change_selection -add [get_cells UFSM/ctosc_dly_trglat_inst_958]
change_selection -add [get_cells UFSM/ctosc_dly_trglat_inst_952]
change_selection -add [get_cells UFSM/ctosc_dly_trglat_inst_956]
change_selection -add [get_cells UFSM/I_1]
change_selection -add [get_cells UFSM/ctosc_dly_trglat_inst_954]
change_selection -add [get_cells UFSM/ctosc_dly_trglat_inst_953]
change_selection -add [get_cells UFSM/ctosc_dly_trglat_inst_955]
change_selection -add [get_cells UFSM/ctosc_dly_trglat_inst_957]
change_selection -add [get_cells UFSM/ZCTSINV_630_885]
change_selection -add [get_cells UFSM/ctosc_dly_trglat_inst_951]
change_selection -add [get_cells UFSM/ZCTSINV_797_883]
change_selection -add [get_cells UFSM/ZCTSINV_613_884]
change_selection -add [get_cells UFSM/ZCTSINV_643_886]
change_selection -add [get_cells UFSM/ZCTSINV_795_882]
change_selection [get_nets UFSM/ZCTSNET_0]
change_selection [get_s {{}}]
change_selection -add [get_nets UFSM/ZCTSNET_0]
change_selection -add [get_nets UFSM/ctosc_dly_trglat_0]
change_selection -add [get_nets UFSM/ZCTSNET_2]
change_selection -add [get_nets UFSM/ZCTSNET_3]
change_selection [get_s {{}}]
change_selection -add [get_nets UFSM/ZCTSNET_0]
change_selection -add [get_nets UFSM/ctosc_dly_trglat_0]
change_selection -add [get_nets UFSM/ZCTSNET_2]
change_selection -add [get_nets UFSM/ZCTSNET_3]
change_selection [get_cells UFSM]
change_selection [get_nets UFSM/CLK]
change_selection [get_s {{}}]
change_selection -add [get_nets UFSM/ZCTSNET_0]
change_selection -add [get_nets UFSM/ctosc_dly_trglat_0]
change_selection -add [get_nets UFSM/ZCTSNET_2]
change_selection -add [get_nets UFSM/ZCTSNET_3]
change_selection [get_s {{}}]
change_selection -add [get_cells UFSM/ctosc_dly_trglat_inst_958]
change_selection -add [get_cells UFSM/ctosc_dly_trglat_inst_952]
change_selection -add [get_cells UFSM/ctosc_dly_trglat_inst_956]
change_selection -add [get_cells UFSM/I_1]
change_selection -add [get_cells UFSM/ctosc_dly_trglat_inst_954]
change_selection -add [get_cells UFSM/ctosc_dly_trglat_inst_953]
change_selection -add [get_cells UFSM/ctosc_dly_trglat_inst_955]
change_selection -add [get_cells UFSM/ctosc_dly_trglat_inst_957]
change_selection -add [get_cells UFSM/ZCTSINV_630_885]
change_selection -add [get_cells UFSM/ctosc_dly_trglat_inst_951]
change_selection -add [get_cells UFSM/ZCTSINV_797_883]
change_selection -add [get_cells UFSM/ZCTSINV_613_884]
change_selection -add [get_cells UFSM/ZCTSINV_643_886]
change_selection -add [get_cells UFSM/ZCTSINV_795_882]
change_selection -remove [get_s {{}}]
gui_highlight_nets_of_selected
gui_zoom -window [gui_get_current_window -types Layout -mru] -factor 2 -at_point {315.312 129.946}
gui_zoom -window [gui_get_current_window -types Layout -mru] -factor 2 -at_point {315.358 130.029}
gui_zoom -window [gui_get_current_window -types Layout -mru] -factor 2 -at_point {307.521 125.164}
gui_zoom -window [gui_get_current_window -types Layout -mru] -factor 0.5 -at_point {289.010 119.489}
gui_zoom -window [gui_get_current_window -types Layout -mru] -factor 0.5 -at_point {276.714 106.248}
gui_zoom -window [gui_get_current_window -view] -full
gui_zoom -window [gui_get_current_window -types Layout -mru] -factor 2 -at_point {243.767 118.022}
gui_zoom -window [gui_get_current_window -types Layout -mru] -factor 2 -at_point {244.016 118.138}
gui_zoom -window [gui_get_current_window -types Layout -mru] -factor 2 -at_point {244.016 118.138}
gui_zoom -window [gui_get_current_window -types Layout -mru] -factor 2 -at_point {256.987 108.680}
gui_zoom -window [gui_get_current_window -types Layout -mru] -factor 2 -at_point {256.978 108.682}
gui_zoom -window [gui_get_current_window -types Layout -mru] -factor 2 -at_point {256.973 108.682}
gui_zoom -window [gui_get_current_window -types Layout -mru] -factor 0.5 -at_point {257.017 108.817}
gui_zoom -window [gui_get_current_window -types Layout -mru] -factor 0.5 -at_point {257.012 108.829}
gui_zoom -window [gui_get_current_window -types Layout -mru] -factor 0.5 -at_point {257.008 108.827}
gui_zoom -window [gui_get_current_window -types Layout -mru] -factor 0.5 -at_point {256.987 108.815}
gui_zoom -window [gui_get_current_window -types Layout -mru] -factor 0.5 -at_point {256.987 108.680}
gui_zoom -window [gui_get_current_window -types Layout -mru] -factor 0.5 -at_point {256.987 108.950}
gui_zoom -window [gui_get_current_window -types Layout -mru] -factor 0.5 -at_point {277.525 105.707}
gui_zoom -window [gui_get_current_window -types Layout -mru] -factor 0.5 -at_point {276.444 105.707}
quit
